[15712:1352:0802/001217.487:WARNING:chrome_main_delegate.cc(594)] This is Chrome version 115.0.5790.110 (not a warning)
[15712:1352:0802/001217.571:INFO:chrome_browser_cloud_management_controller.cc(167)] Starting CBCM Controller Initialization
[15712:1352:0802/001217.571:INFO:chrome_browser_cloud_management_controller.cc(195)] No machine level policy manager exists.
[15712:5940:0802/001217.596:ERROR:model_type_store_service_impl.cc(38)] Failed to initialize ModelTypeStore backend: Init@components\sync\model\model_type_store_backend.cc:109: IO error: C:\Users\Dell\AppData\Roaming\Microsoft\Windows\Start Menu\Programs\nghelen\tk\Default\Sync Data\LevelDB/MANIFEST-000001: Unable to create sequential file (ChromeMethodBFE: 7::NewSequentialFile::1)
[15712:7904:0802/001217.794:WARNING:leveldb_database.cc(123)] Unable to open C:\Users\Dell\AppData\Roaming\Microsoft\Windows\Start Menu\Programs\nghelen\tk\Default\shared_proto_db\metadata: IO error: C:\Users\Dell\AppData\Roaming\Microsoft\Windows\Start Menu\Programs\nghelen\tk\Default\shared_proto_db\metadata/MANIFEST-000001: Unable to create sequential file (ChromeMethodBFE: 7::NewSequentialFile::1)
[15712:7904:0802/001217.799:WARNING:leveldb_database.cc(123)] Unable to open C:\Users\Dell\AppData\Roaming\Microsoft\Windows\Start Menu\Programs\nghelen\tk\Default\shared_proto_db\metadata: IO error: C:\Users\Dell\AppData\Roaming\Microsoft\Windows\Start Menu\Programs\nghelen\tk\Default\shared_proto_db\metadata/MANIFEST-000001: Unable to create sequential file (ChromeMethodBFE: 7::NewSequentialFile::1)
[15712:7904:0802/001217.804:WARNING:leveldb_database.cc(123)] Unable to open C:\Users\Dell\AppData\Roaming\Microsoft\Windows\Start Menu\Programs\nghelen\tk\Default\shared_proto_db\metadata: IO error: C:\Users\Dell\AppData\Roaming\Microsoft\Windows\Start Menu\Programs\nghelen\tk\Default\shared_proto_db\metadata/MANIFEST-000001: Unable to create sequential file (ChromeMethodBFE: 7::NewSequentialFile::1)
[15712:7904:0802/001217.808:WARNING:leveldb_database.cc(123)] Unable to open C:\Users\Dell\AppData\Roaming\Microsoft\Windows\Start Menu\Programs\nghelen\tk\Default\shared_proto_db\metadata: IO error: C:\Users\Dell\AppData\Roaming\Microsoft\Windows\Start Menu\Programs\nghelen\tk\Default\shared_proto_db\metadata/MANIFEST-000001: Unable to create sequential file (ChromeMethodBFE: 7::NewSequentialFile::1)
[15712:8224:0802/001217.833:WARNING:value_store_frontend.cc(47)] Reading ahfgeienlihckogmohjhadlkjgocpleb.alarms from  failed: IO error: .../MANIFEST-000001: Unable to create sequential file (ChromeMethodBFE: 7::NewSequentialFile::1)
[15712:8224:0802/001217.837:WARNING:value_store_frontend.cc(47)] Reading mhjfbmdgcfjbbpaeojofohoefgiehjai.alarms from  failed: IO error: .../MANIFEST-000001: Unable to create sequential file (ChromeMethodBFE: 7::NewSequentialFile::1)
[15712:1352:0802/001218.625:INFO:CONSOLE(134)] "[Report Only] This document requires 'TrustedScriptURL' assignment.", source: https://www.google.com/intl/vi/gmail/about/ (134)
[15712:1352:0802/001220.439:INFO:CONSOLE(0)] "Error with Permissions-Policy header: Unrecognized feature: 'ch-ua-form-factor'.", source:  (0)
[15712:1352:0802/001220.689:INFO:CONSOLE(0)] "Error with Permissions-Policy header: Unrecognized feature: 'ch-ua-form-factor'.", source:  (0)
[15712:15552:0802/001222.957:ERROR:gcm_store_impl.cc(320)] Failed to open database C:\Users\Dell\AppData\Roaming\Microsoft\Windows\Start Menu\Programs\nghelen\tk\Default\GCM Store: IO error: C:\Users\Dell\AppData\Roaming\Microsoft\Windows\Start Menu\Programs\nghelen\tk\Default\GCM Store/MANIFEST-000001: Unable to create sequential file (ChromeMethodBFE: 7::NewSequentialFile::1)
[15712:1352:0802/001224.698:INFO:CONSOLE(0)] "Error with Permissions-Policy header: Unrecognized feature: 'ch-ua-form-factor'.", source:  (0)
[15712:1352:0802/001225.104:INFO:CONSOLE(1359)] "Deprecated API for given entry type.", source: https://mail.google.com/_/scs/mail-static/_/js/k=gmail.main.vi.rRmq1mec35s.es5.O/am=DhgAQP_98Jfw2IEgggAR2a8Dfws9wQjMEQ4YCCIAAhBQ4I9Jjep6N0IlH35AAgACcDQcFXOMDoBd49CwJFEGgAkAAAAAAAAAAAAAAAAAAABwJQU/d=1/exm=b/ed=1/im=1/dg=0/br=1/wt=1/rs=AHGWq9BkT5ZbjLC3hwkl_Rd2efca3yjPzw/cb=loaded_1/m=a (1359)
[15712:1352:0802/001225.311:INFO:CONSOLE(3398)] "Unrecognized feature: 'attribution-reporting'.", source: https://mail.google.com/_/scs/mail-static/_/js/k=gmail.main.vi.rRmq1mec35s.es5.O/am=DhgAQP_98Jfw2IEgggAR2a8Dfws9wQjMEQ4YCCIAAhBQ4I9Jjep6N0IlH35AAgACcDQcFXOMDoBd49CwJFEGgAkAAAAAAAAAAAAAAAAAAABwJQU/d=1/exm=a,b/ed=1/im=1/dg=0/br=1/wt=1/rs=AHGWq9BkT5ZbjLC3hwkl_Rd2efca3yjPzw/cb=loaded_2/m=m,m_i,i20jfd,lKrWxc,hkjXJ,gYOl6d,HXLjIb,DL8jZe,xaQcye,J41knb,oRmHt,E1P0kd,pE92lb,v2eEBc (3398)
[15712:1352:0802/001227.200:INFO:CONSOLE(0)] "Error with Permissions-Policy header: Unrecognized feature: 'ch-ua-form-factor'.", source:  (0)
[15712:1352:0802/001228.665:INFO:CONSOLE(0)] "Error with Permissions-Policy header: Unrecognized feature: 'ch-ua-form-factor'.", source:  (0)
[15712:1352:0802/001230.286:INFO:CONSOLE(0)] "Error with Permissions-Policy header: Unrecognized feature: 'ch-ua-form-factor'.", source:  (0)
[15712:1352:0802/001235.357:INFO:CONSOLE(0)] "Error with Permissions-Policy header: Unrecognized feature: 'ch-ua-form-factor'.", source:  (0)
[15712:1352:0802/001237.990:WARNING:pref_notifier_impl.cc(41)] Pref observer for media_router.cast_allow_all_ips found at shutdown.
